00:13:43.233 [TestNG-tests-2] INFO  testCases.TC001_RegisterTest - ***** Starting TC001_RegisterTest *****
00:13:43.364 [TestNG-tests-1] INFO  testCases.TC001_RegisterTest - Clicked on Register
00:13:43.368 [TestNG-tests-1] INFO  testCases.TC001_RegisterTest - Entering details for registration...
00:13:43.440 [TestNG-tests-2] INFO  testCases.TC001_RegisterTest - Clicked on My Account
00:13:44.037 [TestNG-tests-2] INFO  testCases.TC001_RegisterTest - Clicked on Register
00:13:44.039 [TestNG-tests-2] INFO  testCases.TC001_RegisterTest - Entering details for registration...
00:13:45.326 [TestNG-tests-3] INFO  testCases.TC001_RegisterTest - ***** Starting TC001_RegisterTest *****
00:13:45.422 [TestNG-tests-3] INFO  testCases.TC001_RegisterTest - Clicked on My Account
00:13:46.441 [TestNG-tests-3] INFO  testCases.TC001_RegisterTest - Clicked on Register
00:13:46.442 [TestNG-tests-3] INFO  testCases.TC001_RegisterTest - Entering details for registration...
00:13:46.637 [TestNG-tests-1] INFO  testCases.TC001_RegisterTest - Clicked on Continue(register)
00:13:46.637 [TestNG-tests-1] INFO  testCases.TC001_RegisterTest - Validating Expected Message
00:13:46.705 [TestNG-tests-1] INFO  testCases.TC001_RegisterTest - ***** Finished TC001_RegisterTest *****

00:13:47.063 [TestNG-tests-2] INFO  testCases.TC001_RegisterTest - Clicked on Continue(register)
00:13:47.063 [TestNG-tests-2] INFO  testCases.TC001_RegisterTest - Validating Expected Message
00:13:47.137 [TestNG-tests-2] INFO  testCases.TC001_RegisterTest - ***** Finished TC001_RegisterTest *****

00:13:47.733 [TestNG-tests-3] INFO  testCases.TC001_RegisterTest - Clicked on Continue(register)
00:13:47.733 [TestNG-tests-3] INFO  testCases.TC001_RegisterTest - Validating Expected Message
00:13:47.776 [TestNG-tests-3] INFO  testCases.TC001_RegisterTest - ***** Finished TC001_RegisterTest *****

00:13:49.928 [TestNG-tests-2] INFO  testCases.TC002_LoginTest - ***** Starting TC002_LoginTest *****
00:13:50.044 [TestNG-tests-2] INFO  testCases.TC002_LoginTest - Clicked on My Account
00:13:50.388 [TestNG-tests-2] INFO  testCases.TC002_LoginTest - Clicked on Login
00:13:50.391 [TestNG-tests-2] INFO  testCases.TC002_LoginTest - Entering details for login...
00:13:50.637 [TestNG-tests-1] INFO  testCases.TC002_LoginTest - ***** Starting TC002_LoginTest *****
00:13:50.798 [TestNG-tests-1] INFO  testCases.TC002_LoginTest - Clicked on My Account
00:13:51.368 [TestNG-tests-2] INFO  testCases.TC002_LoginTest - Clicked on Login Button
00:13:51.369 [TestNG-tests-2] INFO  testCases.TC002_LoginTest - Validating Expected Message
00:13:51.427 [TestNG-tests-1] INFO  testCases.TC002_LoginTest - Clicked on Login
00:13:51.427 [TestNG-tests-1] INFO  testCases.TC002_LoginTest - Entering details for login...
00:13:52.143 [TestNG-tests-1] INFO  testCases.TC002_LoginTest - Clicked on Login Button
00:13:52.143 [TestNG-tests-1] INFO  testCases.TC002_LoginTest - Validating Expected Message
00:13:53.375 [TestNG-tests-3] INFO  testCases.TC002_LoginTest - ***** Starting TC002_LoginTest *****
00:13:53.492 [TestNG-tests-3] INFO  testCases.TC002_LoginTest - Clicked on My Account
00:13:53.761 [TestNG-tests-3] INFO  testCases.TC002_LoginTest - Clicked on Login
00:13:53.761 [TestNG-tests-3] INFO  testCases.TC002_LoginTest - Entering details for login...
00:13:54.120 [TestNG-tests-3] INFO  testCases.TC002_LoginTest - Clicked on Login Button
00:13:54.120 [TestNG-tests-3] INFO  testCases.TC002_LoginTest - Validating Expected Message
00:14:01.469 [TestNG-tests-2] ERROR testCases.TC002_LoginTest - Test Failed
00:14:02.182 [TestNG-tests-1] ERROR testCases.TC002_LoginTest - Test Failed
00:14:04.125 [TestNG-tests-3] ERROR testCases.TC002_LoginTest - Test Failed
02:11:41.401 [main] INFO  testCases.TC001_RegisterTest - ***** Starting TC001_RegisterTest *****
02:11:41.505 [main] INFO  testCases.TC001_RegisterTest - Clicked on My Account
02:11:41.990 [main] INFO  testCases.TC001_RegisterTest - Clicked on Register
02:11:41.990 [main] INFO  testCases.TC001_RegisterTest - Entering details for registration...
02:11:44.456 [main] INFO  testCases.TC001_RegisterTest - Clicked on Continue(register)
02:11:44.456 [main] INFO  testCases.TC001_RegisterTest - Validating Expected Message
02:11:44.468 [main] INFO  testCases.TC001_RegisterTest - ***** Finished TC001_RegisterTest *****

02:12:19.191 [main] INFO  testCases.TC001_RegisterTest - ***** Starting TC001_RegisterTest *****
02:12:19.204 [main] ERROR testCases.TC001_RegisterTest - Test Failed
02:14:53.408 [main] INFO  org.testng.internal.Utils - [TestNG] Running:
  Command line suite

02:14:55.591 [main] INFO  testCases.TC001_RegisterTest - ***** Starting TC001_RegisterTest *****
02:14:55.674 [main] INFO  testCases.TC001_RegisterTest - Clicked on My Account
02:14:56.034 [main] INFO  testCases.TC001_RegisterTest - Clicked on Register
02:14:56.034 [main] INFO  testCases.TC001_RegisterTest - Entering details for registration...
02:14:56.475 [main] INFO  testCases.TC001_RegisterTest - Clicked on Continue(register)
