16:22:40.595 [main] INFO  testCases.TC003_LoginDDT - ***** Finished TC003_LoginDDT *****

16:22:40.601 [main] INFO  testCases.TC003_LoginDDT - ***** Starting TC003_LoginDDT *****
16:22:40.669 [main] ERROR testCases.TC003_LoginDDT - Test Failed
16:22:40.670 [main] INFO  testCases.TC003_LoginDDT - ***** Starting TC003_LoginDDT *****
16:22:40.672 [main] ERROR testCases.TC003_LoginDDT - Test Failed
16:22:40.673 [main] INFO  testCases.TC003_LoginDDT - ***** Starting TC003_LoginDDT *****
16:22:40.675 [main] ERROR testCases.TC003_LoginDDT - Test Failed
16:51:36.606 [main] INFO  testCases.TC001_RegisterTest - ***** Starting TC001_RegisterTest *****
16:51:36.684 [main] INFO  testCases.TC001_RegisterTest - Clicked on My Account
16:51:37.010 [main] INFO  testCases.TC001_RegisterTest - Clicked on Register
16:51:37.010 [main] INFO  testCases.TC001_RegisterTest - Entering details for registration...
16:51:38.547 [main] INFO  testCases.TC001_RegisterTest - Clicked on Continue(register)
16:51:38.549 [main] INFO  testCases.TC001_RegisterTest - Validating Expected Message
16:51:38.585 [main] INFO  testCases.TC001_RegisterTest - ***** Finished TC001_RegisterTest *****

16:52:31.034 [main] INFO  testCases.TC001_RegisterTest - ***** Starting TC001_RegisterTest *****
16:52:31.095 [main] INFO  testCases.TC001_RegisterTest - Clicked on My Account
16:52:31.584 [main] INFO  testCases.TC001_RegisterTest - Clicked on Register
16:52:31.588 [main] INFO  testCases.TC001_RegisterTest - Entering details for registration...
16:52:32.953 [main] INFO  testCases.TC001_RegisterTest - Clicked on Continue(register)
16:52:32.953 [main] INFO  testCases.TC001_RegisterTest - Validating Expected Message
16:52:32.983 [main] INFO  testCases.TC001_RegisterTest - ***** Finished TC001_RegisterTest *****

16:52:34.599 [main] INFO  testCases.TC002_LoginTest - ***** Starting TC002_LoginTest *****
16:52:34.654 [main] INFO  testCases.TC002_LoginTest - Clicked on My Account
16:52:34.898 [main] INFO  testCases.TC002_LoginTest - Clicked on Login
16:52:34.902 [main] INFO  testCases.TC002_LoginTest - Entering details for login...
16:52:35.095 [main] INFO  testCases.TC002_LoginTest - Clicked on Login Button
16:52:35.095 [main] INFO  testCases.TC002_LoginTest - Validating Expected Message
16:52:45.160 [main] ERROR testCases.TC002_LoginTest - Test Failed
20:36:24.256 [main] INFO  testCases.TC001_RegisterTest - ***** Starting TC001_RegisterTest *****
20:36:24.333 [main] INFO  testCases.TC001_RegisterTest - Clicked on My Account
20:36:24.640 [main] INFO  testCases.TC001_RegisterTest - Clicked on Register
20:36:24.650 [main] INFO  testCases.TC001_RegisterTest - Entering details for registration...
20:36:25.117 [main] INFO  testCases.TC001_RegisterTest - Clicked on Continue(register)
20:36:25.117 [main] INFO  testCases.TC001_RegisterTest - Validating Expected Message
20:36:25.887 [main] INFO  testCases.TC001_RegisterTest - ***** Finished TC001_RegisterTest *****

21:25:25.085 [main] INFO  testCases.TC002_LoginTest - ***** Starting TC002_LoginTest *****
21:25:25.160 [main] INFO  testCases.TC002_LoginTest - Clicked on My Account
21:25:25.439 [main] INFO  testCases.TC002_LoginTest - Clicked on Login
21:25:25.442 [main] INFO  testCases.TC002_LoginTest - Entering details for login...
21:25:25.746 [main] INFO  testCases.TC002_LoginTest - Clicked on Login Button
21:25:25.746 [main] INFO  testCases.TC002_LoginTest - Validating Expected Message
21:25:26.847 [main] INFO  testCases.TC002_LoginTest - ***** Finished TC002_LoginTest *****

21:25:45.746 [main] INFO  testCases.TC002_LoginTest - ***** Starting TC002_LoginTest *****
21:25:45.811 [main] INFO  testCases.TC002_LoginTest - Clicked on My Account
21:25:46.033 [main] INFO  testCases.TC002_LoginTest - Clicked on Login
21:25:46.036 [main] INFO  testCases.TC002_LoginTest - Entering details for login...
21:25:46.200 [main] INFO  testCases.TC002_LoginTest - Clicked on Login Button
21:25:46.200 [main] INFO  testCases.TC002_LoginTest - Validating Expected Message
21:25:56.811 [main] ERROR testCases.TC002_LoginTest - Test Failed
21:28:16.103 [main] INFO  testCases.TC002_LoginTest - ***** Starting TC002_LoginTest *****
21:28:16.199 [main] INFO  testCases.TC002_LoginTest - Clicked on My Account
21:28:16.428 [main] INFO  testCases.TC002_LoginTest - Clicked on Login
21:28:16.429 [main] INFO  testCases.TC002_LoginTest - Entering details for login...
21:28:16.610 [main] INFO  testCases.TC002_LoginTest - Clicked on Login Button
21:28:16.610 [main] INFO  testCases.TC002_LoginTest - Validating Expected Message
21:28:27.244 [main] ERROR testCases.TC002_LoginTest - Test Failed
21:43:52.768 [main] INFO  testCases.TC002_LoginTest - ***** Starting TC002_LoginTest *****
21:43:52.873 [main] INFO  testCases.TC002_LoginTest - Clicked on My Account
21:43:53.139 [main] INFO  testCases.TC002_LoginTest - Clicked on Login
21:43:53.141 [main] INFO  testCases.TC002_LoginTest - Entering details for login...
