20:13:18.410 [main] INFO  testCases.TC002_LoginTest - Clicked on Login
20:13:18.422 [main] INFO  testCases.TC002_LoginTest - Entering details for login...
20:13:18.772 [main] INFO  testCases.TC002_LoginTest - Clicked on Login Button
20:13:18.772 [main] INFO  testCases.TC002_LoginTest - Validating Expected Message
20:13:19.655 [main] INFO  testCases.TC002_LoginTest - ***** Finished TC002_LoginTest *****

20:13:36.814 [main] INFO  testCases.TC001_RegisterTest - ***** Starting TC001_RegisterTest *****
20:13:36.929 [main] INFO  testCases.TC001_RegisterTest - Clicked on My Account
20:13:37.538 [main] INFO  testCases.TC001_RegisterTest - Clicked on Register
20:13:37.538 [main] INFO  testCases.TC001_RegisterTest - Entering details for registration...
20:13:39.179 [main] INFO  testCases.TC001_RegisterTest - Clicked on Continue(register)
20:13:39.179 [main] INFO  testCases.TC001_RegisterTest - Validating Expected Message
20:13:39.236 [main] INFO  testCases.TC001_RegisterTest - ***** Finished TC001_RegisterTest *****

20:13:42.022 [main] INFO  testCases.TC002_LoginTest - ***** Starting TC002_LoginTest *****
20:13:42.090 [main] INFO  testCases.TC002_LoginTest - Clicked on My Account
20:13:42.365 [main] INFO  testCases.TC002_LoginTest - Clicked on Login
20:13:42.368 [main] INFO  testCases.TC002_LoginTest - Entering details for login...
20:13:42.665 [main] INFO  testCases.TC002_LoginTest - Clicked on Login Button
20:13:42.665 [main] INFO  testCases.TC002_LoginTest - Validating Expected Message
20:13:43.487 [main] INFO  testCases.TC002_LoginTest - ***** Finished TC002_LoginTest *****

20:15:22.912 [main] INFO  testCases.TC001_RegisterTest - ***** Starting TC001_RegisterTest *****
20:15:23.083 [main] INFO  testCases.TC001_RegisterTest - Clicked on My Account
20:15:23.684 [main] INFO  testCases.TC001_RegisterTest - Clicked on Register
20:15:23.693 [main] INFO  testCases.TC001_RegisterTest - Entering details for registration...
20:15:26.037 [main] INFO  testCases.TC001_RegisterTest - Clicked on Continue(register)
20:15:26.037 [main] INFO  testCases.TC001_RegisterTest - Validating Expected Message
20:15:26.104 [main] INFO  testCases.TC001_RegisterTest - ***** Finished TC001_RegisterTest *****

20:15:36.782 [main] INFO  testCases.TC002_LoginTest - ***** Starting TC002_LoginTest *****
20:15:36.956 [main] INFO  testCases.TC002_LoginTest - Clicked on My Account
20:15:37.408 [main] INFO  testCases.TC002_LoginTest - Clicked on Login
20:15:37.410 [main] INFO  testCases.TC002_LoginTest - Entering details for login...
20:15:37.767 [main] INFO  testCases.TC002_LoginTest - Clicked on Login Button
20:15:37.767 [main] INFO  testCases.TC002_LoginTest - Validating Expected Message
20:15:39.031 [main] INFO  testCases.TC002_LoginTest - ***** Finished TC002_LoginTest *****

20:18:01.505 [TestNG-tests-1] INFO  testCases.TC001_RegisterTest - ***** Starting TC001_RegisterTest *****
20:18:01.687 [TestNG-tests-1] INFO  testCases.TC001_RegisterTest - Clicked on My Account
20:18:02.190 [TestNG-tests-1] INFO  testCases.TC001_RegisterTest - Clicked on Register
20:18:02.193 [TestNG-tests-1] INFO  testCases.TC001_RegisterTest - Entering details for registration...
20:18:12.275 [TestNG-tests-1] ERROR testCases.TC001_RegisterTest - Test Failed
20:18:20.994 [TestNG-tests-2] INFO  testCases.TC001_RegisterTest - ***** Starting TC001_RegisterTest *****
20:18:20.994 [TestNG-tests-1] INFO  testCases.TC001_RegisterTest - ***** Starting TC001_RegisterTest *****
20:18:21.127 [TestNG-tests-1] INFO  testCases.TC001_RegisterTest - Clicked on My Account
20:18:21.178 [TestNG-tests-2] INFO  testCases.TC001_RegisterTest - Clicked on My Account
20:18:31.226 [TestNG-tests-1] ERROR testCases.TC001_RegisterTest - Test Failed
20:18:41.239 [TestNG-tests-2] ERROR testCases.TC001_RegisterTest - Test Failed
21:04:20.496 [TestNG-tests-1] INFO  testCases.TC001_RegisterTest - ***** Starting TC001_RegisterTest *****
21:04:20.496 [TestNG-tests-2] INFO  testCases.TC001_RegisterTest - ***** Starting TC001_RegisterTest *****
21:04:20.802 [TestNG-tests-2] INFO  testCases.TC001_RegisterTest - Clicked on My Account
21:04:20.950 [TestNG-tests-1] INFO  testCases.TC001_RegisterTest - Clicked on My Account
21:04:31.003 [TestNG-tests-2] ERROR testCases.TC001_RegisterTest - Test Failed
21:04:41.056 [TestNG-tests-1] ERROR testCases.TC001_RegisterTest - Test Failed
21:04:47.727 [TestNG-tests-1] INFO  testCases.TC001_RegisterTest - ***** Starting TC001_RegisterTest *****
21:04:47.727 [TestNG-tests-2] INFO  testCases.TC001_RegisterTest - ***** Starting TC001_RegisterTest *****
21:04:47.858 [TestNG-tests-1] INFO  testCases.TC001_RegisterTest - Clicked on My Account
21:04:47.898 [TestNG-tests-2] INFO  testCases.TC001_RegisterTest - Clicked on My Account
21:04:57.967 [TestNG-tests-1] ERROR testCases.TC001_RegisterTest - Test Failed
21:05:00.798 [TestNG-tests-2] INFO  testCases.TC001_RegisterTest - Clicked on Register
21:05:00.804 [TestNG-tests-2] INFO  testCases.TC001_RegisterTest - Entering details for registration...
